<?xml version="1.0" encoding="UTF-8"?>
<!-- Generated by org.testng.reporters.JUnitXMLReporter -->
<testsuite hostname="Aparna-PC" name="Default test" tests="1" failures="0" timestamp="1 Aug 2017 15:12:12 GMT" time="49.618" errors="0">
  <testcase name="@BeforeClass loginSetup" time="0.0" classname="tests.LoginTest">
    <failure type="org.openqa.selenium.WebDriverException" message="Failed to connect to binary FirefoxBinary(C:\Program Files\Mozilla Firefox\firefox.exe) on port 7055; process output follows: 
&amp;quot;:&amp;quot;Mozilla&amp;quot;,&amp;quot;homepageURL&amp;quot;:null,&amp;quot;contributors&amp;quot;:[&amp;quot;Mozilla Contributors&amp;quot;]},&amp;quot;visible&amp;quot;:true,&amp;quot;active&amp;quot;:true,&amp;quot;userDisabled&amp;quot;:false,&amp;quot;appDisabled&amp;quot;:false,&amp;quot;descriptor&amp;quot;:&amp;quot;C:\\Program Files\\Mozilla Firefox\\browser\\extensions\\{972ce4c6-7e08-4474-a285-3208198ce6fd}.xpi&amp;quot;,&amp;quot;installDate&amp;quot;:1497947414522,&amp;quot;updateDate&amp;quot;:1497947414522,&amp;quot;applyBackgroundUpdates&amp;quot;:1,&amp;quot;skinnable&amp;quot;:true,&amp;quot;size&amp;quot;:22012,&amp;quot;sourceURI&amp;quot;:null,&amp;quot;releaseNotesURI&amp;quot;:null,&amp;quot;softDisabled&amp;quot;:false,&amp;quot;foreignInstall&amp;quot;:false,&amp;quot;hasBinaryComponents&amp;quot;:false,&amp;quot;strictCompatibility&amp;quot;:true,&amp;quot;locales&amp;quot;:[],&amp;quot;targetApplications&amp;quot;:[{&amp;quot;id&amp;quot;:&amp;quot;{ec8030f7-c20a-464f-9b0e-13a3a9e97384}&amp;quot;,&amp;quot;minVersion&amp;quot;:&amp;quot;47.0.2&amp;quot;,&amp;quot;maxVersion&amp;quot;:&amp;quot;47.0.2&amp;quot;}],&amp;quot;targetPlatforms&amp;quot;:[],&amp;quot;seen&amp;quot;:true}
1501600289825	addons.xpi	DEBUG	getModTime: Recursive scan of {972ce4c6-7e08-4474-a285-3208198ce6fd}
1501600289829	DeferredSave.extensions.json	DEBUG	Save changes
1501600289829	addons.xpi	DEBUG	Updating database with changes to installed add-ons
1501600289829	addons.xpi-utils	DEBUG	Updating add-on states
1501600289832	addons.xpi-utils	DEBUG	Writing add-ons list
1501600289841	addons.xpi	DEBUG	Registering manifest for C:\Program Files\Mozilla Firefox\browser\features\e10srollout@mozilla.org.xpi
1501600289843	addons.xpi	DEBUG	Calling bootstrap method startup on e10srollout@mozilla.org version 1.0
1501600289844	addons.xpi	DEBUG	Registering manifest for C:\Program Files\Mozilla Firefox\browser\features\firefox@getpocket.com.xpi
1501600289846	addons.xpi	DEBUG	Calling bootstrap method startup on firefox@getpocket.com version 1.0.2
1501600289849	addons.xpi	DEBUG	Registering manifest for C:\Program Files\Mozilla Firefox\browser\features\loop@mozilla.org.xpi
1501600289852	addons.xpi	DEBUG	Calling bootstrap method startup on loop@mozilla.org version 1.3.2
1501600289913	addons.xpi	DEBUG	Registering manifest for C:\Program Files\Mozilla Firefox\browser\features\websensehelper@mozilla.org.xpi
1501600289914	addons.xpi	DEBUG	Calling bootstrap method startup on websensehelper@mozilla.org version 1.0
1501600289924	addons.manager	DEBUG	Registering shutdown blocker for XPIProvider
1501600289925	addons.manager	DEBUG	Provider finished startup: XPIProvider
1501600289925	addons.manager	DEBUG	Starting provider: LightweightThemeManager
1501600289926	addons.manager	DEBUG	Registering shutdown blocker for LightweightThemeManager
1501600289926	addons.manager	DEBUG	Provider finished startup: LightweightThemeManager
1501600289928	addons.manager	DEBUG	Starting provider: GMPProvider
1501600289948	addons.manager	DEBUG	Registering shutdown blocker for GMPProvider
1501600289949	addons.manager	DEBUG	Provider finished startup: GMPProvider
1501600289950	addons.manager	DEBUG	Starting provider: PluginProvider
1501600289951	addons.manager	DEBUG	Registering shutdown blocker for PluginProvider
1501600289952	addons.manager	DEBUG	Provider finished startup: PluginProvider
1501600289953	addons.manager	DEBUG	Completed startup sequence
1501600292398	addons.manager	DEBUG	Starting provider: &amp;lt;unnamed-provider&amp;gt;
1501600292398	addons.manager	DEBUG	Registering shutdown blocker for &amp;lt;unnamed-provider&amp;gt;
1501600292399	addons.manager	DEBUG	Provider finished startup: &amp;lt;unnamed-provider&amp;gt;
1501600293287	DeferredSave.extensions.json	DEBUG	Write succeeded
1501600293288	addons.xpi-utils	DEBUG	XPI Database saved, setting schema version preference to 17
1501600293289	DeferredSave.extensions.json	DEBUG	Starting timer
1501600293316	DeferredSave.extensions.json	DEBUG	Starting write
1501600293329	addons.repository	DEBUG	No addons.json found.
1501600293330	DeferredSave.addons.json	DEBUG	Save changes
1501600293336	DeferredSave.addons.json	DEBUG	Starting timer
1501600293421	addons.manager	DEBUG	Starting provider: PreviousExperimentProvider
1501600293421	addons.manager	DEBUG	Registering shutdown blocker for PreviousExperimentProvider
1501600293422	addons.manager	DEBUG	Provider finished startup: PreviousExperimentProvider
1501600293429	DeferredSave.addons.json	DEBUG	Starting write
1501600293443	DeferredSave.extensions.json	DEBUG	Write succeeded
1501600293529	DeferredSave.addons.json	DEBUG	Write succeeded

Build info: version: &amp;apos;2.53.0&amp;apos;, revision: &amp;apos;35ae25b1534ae328c771e0856c93e187490ca824&amp;apos;, time: &amp;apos;2016-03-15 10:43:46&amp;apos;
System info: host: &amp;apos;Aparna-PC&amp;apos;, ip: &amp;apos;192.168.0.6&amp;apos;, os.name: &amp;apos;Windows 7&amp;apos;, os.arch: &amp;apos;amd64&amp;apos;, os.version: &amp;apos;6.1&amp;apos;, java.version: &amp;apos;1.8.0_131&amp;apos;
Driver info: driver.version: FirefoxDriver">
      <![CDATA[org.openqa.selenium.WebDriverException: Failed to connect to binary FirefoxBinary(C:\Program Files\Mozilla Firefox\firefox.exe) on port 7055; process output follows: 
":"Mozilla","homepageURL":null,"contributors":["Mozilla Contributors"]},"visible":true,"active":true,"userDisabled":false,"appDisabled":false,"descriptor":"C:\\Program Files\\Mozilla Firefox\\browser\\extensions\\{972ce4c6-7e08-4474-a285-3208198ce6fd}.xpi","installDate":1497947414522,"updateDate":1497947414522,"applyBackgroundUpdates":1,"skinnable":true,"size":22012,"sourceURI":null,"releaseNotesURI":null,"softDisabled":false,"foreignInstall":false,"hasBinaryComponents":false,"strictCompatibility":true,"locales":[],"targetApplications":[{"id":"{ec8030f7-c20a-464f-9b0e-13a3a9e97384}","minVersion":"47.0.2","maxVersion":"47.0.2"}],"targetPlatforms":[],"seen":true}
1501600289825	addons.xpi	DEBUG	getModTime: Recursive scan of {972ce4c6-7e08-4474-a285-3208198ce6fd}
1501600289829	DeferredSave.extensions.json	DEBUG	Save changes
1501600289829	addons.xpi	DEBUG	Updating database with changes to installed add-ons
1501600289829	addons.xpi-utils	DEBUG	Updating add-on states
1501600289832	addons.xpi-utils	DEBUG	Writing add-ons list
1501600289841	addons.xpi	DEBUG	Registering manifest for C:\Program Files\Mozilla Firefox\browser\features\e10srollout@mozilla.org.xpi
1501600289843	addons.xpi	DEBUG	Calling bootstrap method startup on e10srollout@mozilla.org version 1.0
1501600289844	addons.xpi	DEBUG	Registering manifest for C:\Program Files\Mozilla Firefox\browser\features\firefox@getpocket.com.xpi
1501600289846	addons.xpi	DEBUG	Calling bootstrap method startup on firefox@getpocket.com version 1.0.2
1501600289849	addons.xpi	DEBUG	Registering manifest for C:\Program Files\Mozilla Firefox\browser\features\loop@mozilla.org.xpi
1501600289852	addons.xpi	DEBUG	Calling bootstrap method startup on loop@mozilla.org version 1.3.2
1501600289913	addons.xpi	DEBUG	Registering manifest for C:\Program Files\Mozilla Firefox\browser\features\websensehelper@mozilla.org.xpi
1501600289914	addons.xpi	DEBUG	Calling bootstrap method startup on websensehelper@mozilla.org version 1.0
1501600289924	addons.manager	DEBUG	Registering shutdown blocker for XPIProvider
1501600289925	addons.manager	DEBUG	Provider finished startup: XPIProvider
1501600289925	addons.manager	DEBUG	Starting provider: LightweightThemeManager
1501600289926	addons.manager	DEBUG	Registering shutdown blocker for LightweightThemeManager
1501600289926	addons.manager	DEBUG	Provider finished startup: LightweightThemeManager
1501600289928	addons.manager	DEBUG	Starting provider: GMPProvider
1501600289948	addons.manager	DEBUG	Registering shutdown blocker for GMPProvider
1501600289949	addons.manager	DEBUG	Provider finished startup: GMPProvider
1501600289950	addons.manager	DEBUG	Starting provider: PluginProvider
1501600289951	addons.manager	DEBUG	Registering shutdown blocker for PluginProvider
1501600289952	addons.manager	DEBUG	Provider finished startup: PluginProvider
1501600289953	addons.manager	DEBUG	Completed startup sequence
1501600292398	addons.manager	DEBUG	Starting provider: <unnamed-provider>
1501600292398	addons.manager	DEBUG	Registering shutdown blocker for <unnamed-provider>
1501600292399	addons.manager	DEBUG	Provider finished startup: <unnamed-provider>
1501600293287	DeferredSave.extensions.json	DEBUG	Write succeeded
1501600293288	addons.xpi-utils	DEBUG	XPI Database saved, setting schema version preference to 17
1501600293289	DeferredSave.extensions.json	DEBUG	Starting timer
1501600293316	DeferredSave.extensions.json	DEBUG	Starting write
1501600293329	addons.repository	DEBUG	No addons.json found.
1501600293330	DeferredSave.addons.json	DEBUG	Save changes
1501600293336	DeferredSave.addons.json	DEBUG	Starting timer
1501600293421	addons.manager	DEBUG	Starting provider: PreviousExperimentProvider
1501600293421	addons.manager	DEBUG	Registering shutdown blocker for PreviousExperimentProvider
1501600293422	addons.manager	DEBUG	Provider finished startup: PreviousExperimentProvider
1501600293429	DeferredSave.addons.json	DEBUG	Starting write
1501600293443	DeferredSave.extensions.json	DEBUG	Write succeeded
1501600293529	DeferredSave.addons.json	DEBUG	Write succeeded

Build info: version: '2.53.0', revision: '35ae25b1534ae328c771e0856c93e187490ca824', time: '2016-03-15 10:43:46'
System info: host: 'Aparna-PC', ip: '192.168.0.6', os.name: 'Windows 7', os.arch: 'amd64', os.version: '6.1', java.version: '1.8.0_131'
Driver info: driver.version: FirefoxDriver
	at org.openqa.selenium.firefox.internal.NewProfileExtensionConnection.start(NewProfileExtensionConnection.java:125)
	at org.openqa.selenium.firefox.FirefoxDriver.startClient(FirefoxDriver.java:271)
	at org.openqa.selenium.remote.RemoteWebDriver.<init>(RemoteWebDriver.java:119)
	at org.openqa.selenium.firefox.FirefoxDriver.<init>(FirefoxDriver.java:216)
	at org.openqa.selenium.firefox.FirefoxDriver.<init>(FirefoxDriver.java:211)
	at org.openqa.selenium.firefox.FirefoxDriver.<init>(FirefoxDriver.java:207)
	at org.openqa.selenium.firefox.FirefoxDriver.<init>(FirefoxDriver.java:120)
	at tests.LoginTest.loginSetup(LoginTest.java:15)
	at sun.reflect.NativeMethodAccessorImpl.invoke0(Native Method)
	at sun.reflect.NativeMethodAccessorImpl.invoke(Unknown Source)
	at sun.reflect.DelegatingMethodAccessorImpl.invoke(Unknown Source)
	at java.lang.reflect.Method.invoke(Unknown Source)
	at org.testng.internal.MethodInvocationHelper.invokeMethod(MethodInvocationHelper.java:84)
	at org.testng.internal.Invoker.invokeConfigurationMethod(Invoker.java:564)
	at org.testng.internal.Invoker.invokeConfigurations(Invoker.java:213)
	at org.testng.internal.Invoker.invokeConfigurations(Invoker.java:138)
	at org.testng.internal.TestMethodWorker.invokeBeforeClassMethods(TestMethodWorker.java:175)
	at org.testng.internal.TestMethodWorker.run(TestMethodWorker.java:107)
	at org.testng.TestRunner.privateRun(TestRunner.java:767)
	at org.testng.TestRunner.run(TestRunner.java:617)
	at org.testng.SuiteRunner.runTest(SuiteRunner.java:334)
	at org.testng.SuiteRunner.runSequentially(SuiteRunner.java:329)
	at org.testng.SuiteRunner.privateRun(SuiteRunner.java:291)
	at org.testng.SuiteRunner.run(SuiteRunner.java:240)
	at org.testng.SuiteRunnerWorker.runSuite(SuiteRunnerWorker.java:52)
	at org.testng.SuiteRunnerWorker.run(SuiteRunnerWorker.java:86)
	at org.testng.TestNG.runSuitesSequentially(TestNG.java:1224)
	at org.testng.TestNG.runSuitesLocally(TestNG.java:1149)
	at org.testng.TestNG.run(TestNG.java:1057)
	at org.testng.remote.AbstractRemoteTestNG.run(AbstractRemoteTestNG.java:132)
	at org.testng.remote.RemoteTestNG.initAndRun(RemoteTestNG.java:230)
	at org.testng.remote.RemoteTestNG.main(RemoteTestNG.java:76)
Caused by: org.openqa.selenium.firefox.NotConnectedException: Unable to connect to host 127.0.0.1 on port 7055 after 45000 ms. Firefox console output:
":"Mozilla","homepageURL":null,"contributors":["Mozilla Contributors"]},"visible":true,"active":true,"userDisabled":false,"appDisabled":false,"descriptor":"C:\\Program Files\\Mozilla Firefox\\browser\\extensions\\{972ce4c6-7e08-4474-a285-3208198ce6fd}.xpi","installDate":1497947414522,"updateDate":1497947414522,"applyBackgroundUpdates":1,"skinnable":true,"size":22012,"sourceURI":null,"releaseNotesURI":null,"softDisabled":false,"foreignInstall":false,"hasBinaryComponents":false,"strictCompatibility":true,"locales":[],"targetApplications":[{"id":"{ec8030f7-c20a-464f-9b0e-13a3a9e97384}","minVersion":"47.0.2","maxVersion":"47.0.2"}],"targetPlatforms":[],"seen":true}
1501600289825	addons.xpi	DEBUG	getModTime: Recursive scan of {972ce4c6-7e08-4474-a285-3208198ce6fd}
1501600289829	DeferredSave.extensions.json	DEBUG	Save changes
1501600289829	addons.xpi	DEBUG	Updating database with changes to installed add-ons
1501600289829	addons.xpi-utils	DEBUG	Updating add-on states
1501600289832	addons.xpi-utils	DEBUG	Writing add-ons list
1501600289841	addons.xpi	DEBUG	Registering manifest for C:\Program Files\Mozilla Firefox\browser\features\e10srollout@mozilla.org.xpi
1501600289843	addons.xpi	DEBUG	Calling bootstrap method startup on e10srollout@mozilla.org version 1.0
1501600289844	addons.xpi	DEBUG	Registering manifest for C:\Program Files\Mozilla Firefox\browser\features\firefox@getpocket.com.xpi
1501600289846	addons.xpi	DEBUG	Calling bootstrap method startup on firefox@getpocket.com version 1.0.2
1501600289849	addons.xpi	DEBUG	Registering manifest for C:\Program Files\Mozilla Firefox\browser\features\loop@mozilla.org.xpi
1501600289852	addons.xpi	DEBUG	Calling bootstrap method startup on loop@mozilla.org version 1.3.2
1501600289913	addons.xpi	DEBUG	Registering manifest for C:\Program Files\Mozilla Firefox\browser\features\websensehelper@mozilla.org.xpi
1501600289914	addons.xpi	DEBUG	Calling bootstrap method startup on websensehelper@mozilla.org version 1.0
1501600289924	addons.manager	DEBUG	Registering shutdown blocker for XPIProvider
1501600289925	addons.manager	DEBUG	Provider finished startup: XPIProvider
1501600289925	addons.manager	DEBUG	Starting provider: LightweightThemeManager
1501600289926	addons.manager	DEBUG	Registering shutdown blocker for LightweightThemeManager
1501600289926	addons.manager	DEBUG	Provider finished startup: LightweightThemeManager
1501600289928	addons.manager	DEBUG	Starting provider: GMPProvider
1501600289948	addons.manager	DEBUG	Registering shutdown blocker for GMPProvider
1501600289949	addons.manager	DEBUG	Provider finished startup: GMPProvider
1501600289950	addons.manager	DEBUG	Starting provider: PluginProvider
1501600289951	addons.manager	DEBUG	Registering shutdown blocker for PluginProvider
1501600289952	addons.manager	DEBUG	Provider finished startup: PluginProvider
1501600289953	addons.manager	DEBUG	Completed startup sequence
1501600292398	addons.manager	DEBUG	Starting provider: <unnamed-provider>
1501600292398	addons.manager	DEBUG	Registering shutdown blocker for <unnamed-provider>
1501600292399	addons.manager	DEBUG	Provider finished startup: <unnamed-provider>
1501600293287	DeferredSave.extensions.json	DEBUG	Write succeeded
1501600293288	addons.xpi-utils	DEBUG	XPI Database saved, setting schema version preference to 17
1501600293289	DeferredSave.extensions.json	DEBUG	Starting timer
1501600293316	DeferredSave.extensions.json	DEBUG	Starting write
1501600293329	addons.repository	DEBUG	No addons.json found.
1501600293330	DeferredSave.addons.json	DEBUG	Save changes
1501600293336	DeferredSave.addons.json	DEBUG	Starting timer
1501600293421	addons.manager	DEBUG	Starting provider: PreviousExperimentProvider
1501600293421	addons.manager	DEBUG	Registering shutdown blocker for PreviousExperimentProvider
1501600293422	addons.manager	DEBUG	Provider finished startup: PreviousExperimentProvider
1501600293429	DeferredSave.addons.json	DEBUG	Starting write
1501600293443	DeferredSave.extensions.json	DEBUG	Write succeeded
1501600293529	DeferredSave.addons.json	DEBUG	Write succeeded

	at org.openqa.selenium.firefox.internal.NewProfileExtensionConnection.start(NewProfileExtensionConnection.java:113)
	... 31 more
]]>
    </failure>
  </testcase> <!-- @BeforeClass loginSetup -->
  <testcase name="testValidCredentials" time="0.006" classname="tests.LoginTest">
    <skipped/>
  </testcase> <!-- testValidCredentials -->
</testsuite> <!-- Default test -->
